<?xml version="1.0" encoding="UTF-8"?>
<!-- Generated by org.testng.reporters.JUnitReportReporter -->
<testsuite skipped="0" hostname="LAPTOP-57KE3SH5" name="session5.CRMTest" tests="1" failures="0" timestamp="09 Jun 2020 03:14:11 GMT" time="5.984" errors="0">
  <testcase name="loginTest" time="5.984" classname="session5.CRMTest"/>
</testsuite> <!-- session5.CRMTest -->
